{"D:\\React_Typescript\\React_Amazon\\src\\CustomInputs\\index.tsx": {"path":"D:\\React_Typescript\\React_Amazon\\src\\CustomInputs\\index.tsx","statementMap":{"0":{"start":{"line":1,"column":0},"end":{"line":1,"column":50}},"1":{"start":{"line":2,"column":0},"end":{"line":2,"column":49}},"2":{"start":{"line":4,"column":13},"end":{"line":23,"column":2}},"3":{"start":{"line":25,"column":13},"end":{"line":40,"column":2}}},"fnMap":{},"branchMap":{},"s":{"0":1,"1":1,"2":1,"3":1},"f":{},"b":{}}
,"D:\\React_Typescript\\React_Amazon\\src\\OrderManagement\\SaveOrderPage.tsx": {"path":"D:\\React_Typescript\\React_Amazon\\src\\OrderManagement\\SaveOrderPage.tsx","statementMap":{"0":{"start":{"line":1,"column":0},"end":{"line":1,"column":64}},"1":{"start":{"line":2,"column":0},"end":{"line":2,"column":null}},"2":{"start":{"line":10,"column":0},"end":{"line":10,"column":44}},"3":{"start":{"line":11,"column":0},"end":{"line":11,"column":52}},"4":{"start":{"line":12,"column":0},"end":{"line":12,"column":51}},"5":{"start":{"line":13,"column":0},"end":{"line":13,"column":52}},"6":{"start":{"line":19,"column":43},"end":{"line":123,"column":1}},"7":{"start":{"line":21,"column":36},"end":{"line":27,"column":6}},"8":{"start":{"line":29,"column":27},"end":{"line":33,"column":13}},"9":{"start":{"line":31,"column":12},"end":{"line":31,"column":54}},"10":{"start":{"line":35,"column":27},"end":{"line":39,"column":13}},"11":{"start":{"line":37,"column":12},"end":{"line":37,"column":50}},"12":{"start":{"line":42,"column":4},"end":{"line":47,"column":11}},"13":{"start":{"line":43,"column":8},"end":{"line":46,"column":9}},"14":{"start":{"line":44,"column":12},"end":{"line":44,"column":47}},"15":{"start":{"line":45,"column":12},"end":{"line":45,"column":47}},"16":{"start":{"line":49,"column":25},"end":{"line":52,"column":5}},"17":{"start":{"line":50,"column":32},"end":{"line":50,"column":40}},"18":{"start":{"line":51,"column":8},"end":{"line":51,"column":58}},"19":{"start":{"line":51,"column":28},"end":{"line":51,"column":56}},"20":{"start":{"line":54,"column":4},"end":{"line":122,"column":null}},"21":{"start":{"line":68,"column":58},"end":{"line":68,"column":79}},"22":{"start":{"line":125,"column":0},"end":{"line":125,"column":41}}},"fnMap":{"0":{"name":"(anonymous_10)","decl":{"start":{"line":19,"column":43},"end":{"line":19,"column":44}},"loc":{"start":{"line":19,"column":63},"end":{"line":123,"column":1}}},"1":{"name":"(anonymous_11)","decl":{"start":{"line":30,"column":17},"end":{"line":30,"column":18}},"loc":{"start":{"line":30,"column":35},"end":{"line":32,"column":9}}},"2":{"name":"(anonymous_12)","decl":{"start":{"line":36,"column":17},"end":{"line":36,"column":18}},"loc":{"start":{"line":36,"column":35},"end":{"line":38,"column":9}}},"3":{"name":"(anonymous_13)","decl":{"start":{"line":42,"column":14},"end":{"line":42,"column":17}},"loc":{"start":{"line":42,"column":19},"end":{"line":47,"column":5}}},"4":{"name":"(anonymous_14)","decl":{"start":{"line":49,"column":25},"end":{"line":49,"column":26}},"loc":{"start":{"line":49,"column":36},"end":{"line":52,"column":5}}},"5":{"name":"(anonymous_15)","decl":{"start":{"line":51,"column":20},"end":{"line":51,"column":24}},"loc":{"start":{"line":51,"column":28},"end":{"line":51,"column":56}}},"6":{"name":"(anonymous_16)","decl":{"start":{"line":68,"column":52},"end":{"line":68,"column":55}},"loc":{"start":{"line":68,"column":58},"end":{"line":68,"column":79}}}},"branchMap":{"0":{"loc":{"start":{"line":43,"column":8},"end":{"line":46,"column":9}},"type":"if","locations":[{"start":{"line":43,"column":8},"end":{"line":46,"column":9}},{"start":{},"end":{}}]}},"s":{"0":1,"1":1,"2":1,"3":1,"4":1,"5":1,"6":1,"7":6,"8":6,"9":0,"10":6,"11":0,"12":6,"13":6,"14":0,"15":0,"16":6,"17":0,"18":0,"19":0,"20":6,"21":1,"22":1},"f":{"0":6,"1":0,"2":0,"3":6,"4":0,"5":0,"6":1},"b":{"0":[0,6]}}
,"D:\\React_Typescript\\React_Amazon\\src\\common\\DropDownComponent.tsx": {"path":"D:\\React_Typescript\\React_Amazon\\src\\common\\DropDownComponent.tsx","statementMap":{"0":{"start":{"line":1,"column":0},"end":{"line":1,"column":51}},"1":{"start":{"line":2,"column":0},"end":{"line":2,"column":44}},"2":{"start":{"line":3,"column":0},"end":{"line":3,"column":41}},"3":{"start":{"line":4,"column":0},"end":{"line":4,"column":56}},"4":{"start":{"line":16,"column":8},"end":{"line":16,"column":13}},"5":{"start":{"line":17,"column":34},"end":{"line":17,"column":49}},"6":{"start":{"line":18,"column":22},"end":{"line":18,"column":40}},"7":{"start":{"line":19,"column":44},"end":{"line":19,"column":56}},"8":{"start":{"line":20,"column":46},"end":{"line":20,"column":58}},"9":{"start":{"line":22,"column":24},"end":{"line":25,"column":6}},"10":{"start":{"line":22,"column":35},"end":{"line":25,"column":6}},"11":{"start":{"line":23,"column":25},"end":{"line":23,"column":60}},"12":{"start":{"line":24,"column":8},"end":{"line":24,"column":34}},"13":{"start":{"line":27,"column":4},"end":{"line":30,"column":16}},"14":{"start":{"line":28,"column":8},"end":{"line":28,"column":32}},"15":{"start":{"line":29,"column":8},"end":{"line":29,"column":31}},"16":{"start":{"line":32,"column":4},"end":{"line":37,"column":11}},"17":{"start":{"line":33,"column":8},"end":{"line":35,"column":9}},"18":{"start":{"line":34,"column":12},"end":{"line":34,"column":26}},"19":{"start":{"line":36,"column":8},"end":{"line":36,"column":32}},"20":{"start":{"line":39,"column":27},"end":{"line":43,"column":5}},"21":{"start":{"line":40,"column":26},"end":{"line":40,"column":38}},"22":{"start":{"line":41,"column":8},"end":{"line":41,"column":42}},"23":{"start":{"line":42,"column":8},"end":{"line":42,"column":38}},"24":{"start":{"line":45,"column":25},"end":{"line":47,"column":5}},"25":{"start":{"line":46,"column":8},"end":{"line":46,"column":64}},"26":{"start":{"line":49,"column":4},"end":{"line":80,"column":6}},"27":{"start":{"line":59,"column":38},"end":{"line":59,"column":55}},"28":{"start":{"line":68,"column":24},"end":{"line":70,"column":26}},"29":{"start":{"line":74,"column":24},"end":{"line":76,"column":26}},"30":{"start":{"line":83,"column":0},"end":{"line":83,"column":42}}},"fnMap":{"0":{"name":"SelectDropDown","decl":{"start":{"line":6,"column":9},"end":{"line":6,"column":23}},"loc":{"start":{"line":6,"column":34},"end":{"line":81,"column":1}}},"1":{"name":"(anonymous_18)","decl":{"start":{"line":22,"column":24},"end":{"line":22,"column":33}},"loc":{"start":{"line":22,"column":35},"end":{"line":25,"column":6}}},"2":{"name":"(anonymous_19)","decl":{"start":{"line":22,"column":35},"end":{"line":22,"column":null}},"loc":{"start":{"line":22,"column":35},"end":{"line":25,"column":5}}},"3":{"name":"(anonymous_20)","decl":{"start":{"line":27,"column":14},"end":{"line":27,"column":17}},"loc":{"start":{"line":27,"column":19},"end":{"line":30,"column":5}}},"4":{"name":"(anonymous_21)","decl":{"start":{"line":32,"column":14},"end":{"line":32,"column":17}},"loc":{"start":{"line":32,"column":19},"end":{"line":37,"column":5}}},"5":{"name":"(anonymous_22)","decl":{"start":{"line":39,"column":27},"end":{"line":39,"column":28}},"loc":{"start":{"line":39,"column":42},"end":{"line":43,"column":5}}},"6":{"name":"(anonymous_23)","decl":{"start":{"line":45,"column":25},"end":{"line":45,"column":26}},"loc":{"start":{"line":45,"column":58},"end":{"line":47,"column":5}}},"7":{"name":"(anonymous_24)","decl":{"start":{"line":59,"column":26},"end":{"line":59,"column":27}},"loc":{"start":{"line":59,"column":38},"end":{"line":59,"column":55}}},"8":{"name":"(anonymous_25)","decl":{"start":{"line":67,"column":37},"end":{"line":67,"column":38}},"loc":{"start":{"line":67,"column":58},"end":{"line":71,"column":21}}},"9":{"name":"(anonymous_26)","decl":{"start":{"line":73,"column":55},"end":{"line":73,"column":56}},"loc":{"start":{"line":73,"column":80},"end":{"line":77,"column":21}}}},"branchMap":{"0":{"loc":{"start":{"line":33,"column":8},"end":{"line":35,"column":9}},"type":"if","locations":[{"start":{"line":33,"column":8},"end":{"line":35,"column":9}},{"start":{},"end":{}}]},"1":{"loc":{"start":{"line":52,"column":23},"end":{"line":52,"column":67}},"type":"cond-expr","locations":[{"start":{"line":52,"column":55},"end":{"line":52,"column":59}},{"start":{"line":52,"column":62},"end":{"line":52,"column":67}}]},"2":{"loc":{"start":{"line":52,"column":23},"end":{"line":52,"column":52}},"type":"binary-expr","locations":[{"start":{"line":52,"column":23},"end":{"line":52,"column":34}},{"start":{"line":52,"column":38},"end":{"line":52,"column":52}}]},"3":{"loc":{"start":{"line":58,"column":23},"end":{"line":58,"column":57}},"type":"cond-expr","locations":[{"start":{"line":58,"column":39},"end":{"line":58,"column":52}},{"start":{"line":58,"column":55},"end":{"line":58,"column":57}}]},"4":{"loc":{"start":{"line":63,"column":34},"end":{"line":63,"column":54}},"type":"cond-expr","locations":[{"start":{"line":63,"column":43},"end":{"line":63,"column":49}},{"start":{"line":63,"column":52},"end":{"line":63,"column":54}}]},"5":{"loc":{"start":{"line":66,"column":17},"end":{"line":71,"column":22}},"type":"binary-expr","locations":[{"start":{"line":66,"column":17},"end":{"line":66,"column":38}},{"start":{"line":67,"column":20},"end":{"line":71,"column":22}}]},"6":{"loc":{"start":{"line":72,"column":17},"end":{"line":77,"column":22}},"type":"binary-expr","locations":[{"start":{"line":72,"column":17},"end":{"line":72,"column":35}},{"start":{"line":73,"column":20},"end":{"line":77,"column":22}}]}},"s":{"0":1,"1":1,"2":1,"3":1,"4":0,"5":0,"6":0,"7":0,"8":0,"9":0,"10":0,"11":0,"12":0,"13":0,"14":0,"15":0,"16":0,"17":0,"18":0,"19":0,"20":0,"21":0,"22":0,"23":0,"24":0,"25":0,"26":0,"27":0,"28":0,"29":0,"30":1},"f":{"0":0,"1":0,"2":0,"3":0,"4":0,"5":0,"6":0,"7":0,"8":0,"9":0},"b":{"0":[0,0],"1":[0,0],"2":[0,0],"3":[0,0],"4":[0,0],"5":[0,0],"6":[0,0]}}
,"D:\\React_Typescript\\React_Amazon\\src\\common\\ErrorBoundary.tsx": {"path":"D:\\React_Typescript\\React_Amazon\\src\\common\\ErrorBoundary.tsx","statementMap":{"0":{"start":{"line":1,"column":0},"end":{"line":1,"column":66}},"1":{"start":{"line":12,"column":9},"end":{"line":14,"column":4}},"2":{"start":{"line":18,"column":4},"end":{"line":18,"column":30}},"3":{"start":{"line":22,"column":4},"end":{"line":22,"column":55}},"4":{"start":{"line":26,"column":4},"end":{"line":28,"column":5}},"5":{"start":{"line":27,"column":6},"end":{"line":27,"column":49}},"6":{"start":{"line":30,"column":4},"end":{"line":30,"column":31}},"7":{"start":{"line":34,"column":0},"end":{"line":34,"column":29}}},"fnMap":{"0":{"name":"(anonymous_0)","decl":{"start":{"line":11,"column":0},"end":{"line":11,"column":6}},"loc":{"start":{"line":11,"column":0},"end":{"line":32,"column":1}}},"1":{"name":"(anonymous_1)","decl":{"start":{"line":16,"column":9},"end":{"line":16,"column":15}},"loc":{"start":{"line":16,"column":49},"end":{"line":19,"column":3}}},"2":{"name":"(anonymous_2)","decl":{"start":{"line":21,"column":9},"end":{"line":21,"column":26}},"loc":{"start":{"line":21,"column":61},"end":{"line":23,"column":3}}},"3":{"name":"(anonymous_3)","decl":{"start":{"line":25,"column":9},"end":{"line":25,"column":15}},"loc":{"start":{"line":25,"column":15},"end":{"line":31,"column":3}}}},"branchMap":{"0":{"loc":{"start":{"line":26,"column":4},"end":{"line":28,"column":5}},"type":"if","locations":[{"start":{"line":26,"column":4},"end":{"line":28,"column":5}},{"start":{},"end":{}}]}},"s":{"0":1,"1":6,"2":0,"3":0,"4":6,"5":0,"6":6,"7":1},"f":{"0":6,"1":0,"2":0,"3":6},"b":{"0":[0,6]}}
,"D:\\React_Typescript\\React_Amazon\\src\\common\\FormComponent.tsx": {"path":"D:\\React_Typescript\\React_Amazon\\src\\common\\FormComponent.tsx","statementMap":{"0":{"start":{"line":1,"column":0},"end":{"line":1,"column":null}},"1":{"start":{"line":12,"column":0},"end":{"line":12,"column":51}},"2":{"start":{"line":13,"column":0},"end":{"line":13,"column":58}},"3":{"start":{"line":14,"column":0},"end":{"line":14,"column":52}},"4":{"start":{"line":15,"column":0},"end":{"line":15,"column":60}},"5":{"start":{"line":16,"column":0},"end":{"line":16,"column":52}},"6":{"start":{"line":17,"column":0},"end":{"line":17,"column":52}},"7":{"start":{"line":18,"column":0},"end":{"line":18,"column":48}},"8":{"start":{"line":19,"column":0},"end":{"line":19,"column":57}},"9":{"start":{"line":20,"column":0},"end":{"line":20,"column":55}},"10":{"start":{"line":22,"column":22},"end":{"line":506,"column":1}},"11":{"start":{"line":29,"column":8},"end":{"line":29,"column":13}},"12":{"start":{"line":30,"column":40},"end":{"line":30,"column":55}},"13":{"start":{"line":31,"column":40},"end":{"line":31,"column":75}},"14":{"start":{"line":32,"column":44},"end":{"line":32,"column":63}},"15":{"start":{"line":33,"column":40},"end":{"line":33,"column":57}},"16":{"start":{"line":34,"column":20},"end":{"line":34,"column":66}},"17":{"start":{"line":35,"column":40},"end":{"line":35,"column":59}},"18":{"start":{"line":36,"column":38},"end":{"line":36,"column":50}},"19":{"start":{"line":37,"column":36},"end":{"line":37,"column":48}},"20":{"start":{"line":38,"column":26},"end":{"line":38,"column":41}},"21":{"start":{"line":39,"column":38},"end":{"line":43,"column":6}},"22":{"start":{"line":44,"column":48},"end":{"line":47,"column":6}},"23":{"start":{"line":49,"column":30},"end":{"line":52,"column":5}},"24":{"start":{"line":50,"column":8},"end":{"line":50,"column":33}},"25":{"start":{"line":51,"column":8},"end":{"line":51,"column":29}},"26":{"start":{"line":54,"column":4},"end":{"line":57,"column":11}},"27":{"start":{"line":55,"column":8},"end":{"line":55,"column":37}},"28":{"start":{"line":56,"column":8},"end":{"line":56,"column":56}},"29":{"start":{"line":59,"column":25},"end":{"line":70,"column":5}},"30":{"start":{"line":60,"column":26},"end":{"line":60,"column":38}},"31":{"start":{"line":61,"column":26},"end":{"line":61,"column":40}},"32":{"start":{"line":62,"column":8},"end":{"line":69,"column":9}},"33":{"start":{"line":64,"column":16},"end":{"line":64,"column":83}},"34":{"start":{"line":65,"column":16},"end":{"line":65,"column":22}},"35":{"start":{"line":67,"column":16},"end":{"line":67,"column":83}},"36":{"start":{"line":68,"column":16},"end":{"line":68,"column":22}},"37":{"start":{"line":72,"column":25},"end":{"line":88,"column":null}},"38":{"start":{"line":72,"column":59},"end":{"line":88,"column":null}},"39":{"start":{"line":73,"column":8},"end":{"line":73,"column":23}},"40":{"start":{"line":74,"column":8},"end":{"line":87,"column":9}},"41":{"start":{"line":75,"column":29},"end":{"line":75,"column":41}},"42":{"start":{"line":76,"column":28},"end":{"line":76,"column":62}},"43":{"start":{"line":77,"column":12},"end":{"line":84,"column":13}},"44":{"start":{"line":78,"column":16},"end":{"line":83,"column":17}},"45":{"start":{"line":79,"column":20},"end":{"line":82,"column":23}},"46":{"start":{"line":85,"column":12},"end":{"line":86,"column":36}},"47":{"start":{"line":86,"column":16},"end":{"line":86,"column":36}},"48":{"start":{"line":90,"column":23},"end":{"line":109,"column":5}},"49":{"start":{"line":91,"column":8},"end":{"line":108,"column":9}},"50":{"start":{"line":93,"column":16},"end":{"line":93,"column":42}},"51":{"start":{"line":94,"column":16},"end":{"line":94,"column":36}},"52":{"start":{"line":95,"column":16},"end":{"line":95,"column":22}},"53":{"start":{"line":97,"column":16},"end":{"line":97,"column":42}},"54":{"start":{"line":98,"column":16},"end":{"line":98,"column":36}},"55":{"start":{"line":99,"column":16},"end":{"line":99,"column":22}},"56":{"start":{"line":101,"column":16},"end":{"line":101,"column":44}},"57":{"start":{"line":102,"column":16},"end":{"line":102,"column":36}},"58":{"start":{"line":103,"column":16},"end":{"line":103,"column":22}},"59":{"start":{"line":105,"column":16},"end":{"line":105,"column":44}},"60":{"start":{"line":106,"column":16},"end":{"line":106,"column":36}},"61":{"start":{"line":107,"column":16},"end":{"line":107,"column":22}},"62":{"start":{"line":110,"column":4},"end":{"line":504,"column":6}},"63":{"start":{"line":191,"column":45},"end":{"line":193,"column":52}},"64":{"start":{"line":194,"column":28},"end":{"line":239,"column":29}},"65":{"start":{"line":195,"column":32},"end":{"line":217,"column":null}},"66":{"start":{"line":209,"column":61},"end":{"line":209,"column":95}},"67":{"start":{"line":218,"column":35},"end":{"line":239,"column":29}},"68":{"start":{"line":219,"column":32},"end":{"line":238,"column":null}},"69":{"start":{"line":252,"column":44},"end":{"line":252,"column":67}},"70":{"start":{"line":275,"column":45},"end":{"line":277,"column":52}},"71":{"start":{"line":278,"column":28},"end":{"line":323,"column":29}},"72":{"start":{"line":279,"column":32},"end":{"line":301,"column":null}},"73":{"start":{"line":293,"column":61},"end":{"line":293,"column":95}},"74":{"start":{"line":302,"column":35},"end":{"line":323,"column":29}},"75":{"start":{"line":303,"column":32},"end":{"line":322,"column":null}},"76":{"start":{"line":351,"column":45},"end":{"line":353,"column":52}},"77":{"start":{"line":354,"column":28},"end":{"line":399,"column":29}},"78":{"start":{"line":355,"column":32},"end":{"line":377,"column":null}},"79":{"start":{"line":369,"column":61},"end":{"line":369,"column":95}},"80":{"start":{"line":378,"column":35},"end":{"line":399,"column":29}},"81":{"start":{"line":379,"column":32},"end":{"line":398,"column":null}},"82":{"start":{"line":411,"column":44},"end":{"line":411,"column":69}},"83":{"start":{"line":434,"column":45},"end":{"line":436,"column":52}},"84":{"start":{"line":437,"column":28},"end":{"line":482,"column":29}},"85":{"start":{"line":438,"column":32},"end":{"line":460,"column":null}},"86":{"start":{"line":452,"column":61},"end":{"line":452,"column":95}},"87":{"start":{"line":461,"column":35},"end":{"line":482,"column":29}},"88":{"start":{"line":462,"column":32},"end":{"line":481,"column":null}},"89":{"start":{"line":494,"column":44},"end":{"line":494,"column":69}},"90":{"start":{"line":508,"column":0},"end":{"line":508,"column":41}}},"fnMap":{"0":{"name":"(anonymous_17)","decl":{"start":{"line":22,"column":22},"end":{"line":22,"column":23}},"loc":{"start":{"line":22,"column":37},"end":{"line":506,"column":1}}},"1":{"name":"(anonymous_18)","decl":{"start":{"line":49,"column":30},"end":{"line":49,"column":33}},"loc":{"start":{"line":49,"column":35},"end":{"line":52,"column":5}}},"2":{"name":"(anonymous_19)","decl":{"start":{"line":54,"column":14},"end":{"line":54,"column":17}},"loc":{"start":{"line":54,"column":19},"end":{"line":57,"column":5}}},"3":{"name":"(anonymous_20)","decl":{"start":{"line":59,"column":25},"end":{"line":59,"column":26}},"loc":{"start":{"line":59,"column":56},"end":{"line":70,"column":5}}},"4":{"name":"(anonymous_21)","decl":{"start":{"line":72,"column":25},"end":{"line":72,"column":32}},"loc":{"start":{"line":72,"column":59},"end":{"line":88,"column":null}}},"5":{"name":"(anonymous_22)","decl":{"start":{"line":72,"column":59},"end":{"line":72,"column":null}},"loc":{"start":{"line":72,"column":59},"end":{"line":88,"column":5}}},"6":{"name":"(anonymous_23)","decl":{"start":{"line":90,"column":23},"end":{"line":90,"column":26}},"loc":{"start":{"line":90,"column":28},"end":{"line":109,"column":5}}},"7":{"name":"(anonymous_24)","decl":{"start":{"line":190,"column":40},"end":{"line":190,"column":41}},"loc":{"start":{"line":190,"column":65},"end":{"line":240,"column":25}}},"8":{"name":"(anonymous_25)","decl":{"start":{"line":209,"column":54},"end":{"line":209,"column":55}},"loc":{"start":{"line":209,"column":61},"end":{"line":209,"column":95}}},"9":{"name":"(anonymous_26)","decl":{"start":{"line":252,"column":37},"end":{"line":252,"column":38}},"loc":{"start":{"line":252,"column":44},"end":{"line":252,"column":67}}},"10":{"name":"(anonymous_27)","decl":{"start":{"line":274,"column":40},"end":{"line":274,"column":41}},"loc":{"start":{"line":274,"column":65},"end":{"line":324,"column":25}}},"11":{"name":"(anonymous_28)","decl":{"start":{"line":293,"column":54},"end":{"line":293,"column":55}},"loc":{"start":{"line":293,"column":61},"end":{"line":293,"column":95}}},"12":{"name":"(anonymous_29)","decl":{"start":{"line":350,"column":40},"end":{"line":350,"column":41}},"loc":{"start":{"line":350,"column":65},"end":{"line":400,"column":25}}},"13":{"name":"(anonymous_30)","decl":{"start":{"line":369,"column":54},"end":{"line":369,"column":55}},"loc":{"start":{"line":369,"column":61},"end":{"line":369,"column":95}}},"14":{"name":"(anonymous_31)","decl":{"start":{"line":411,"column":37},"end":{"line":411,"column":38}},"loc":{"start":{"line":411,"column":44},"end":{"line":411,"column":69}}},"15":{"name":"(anonymous_32)","decl":{"start":{"line":433,"column":40},"end":{"line":433,"column":41}},"loc":{"start":{"line":433,"column":65},"end":{"line":483,"column":25}}},"16":{"name":"(anonymous_33)","decl":{"start":{"line":452,"column":54},"end":{"line":452,"column":55}},"loc":{"start":{"line":452,"column":61},"end":{"line":452,"column":95}}},"17":{"name":"(anonymous_34)","decl":{"start":{"line":494,"column":37},"end":{"line":494,"column":38}},"loc":{"start":{"line":494,"column":44},"end":{"line":494,"column":69}}}},"branchMap":{"0":{"loc":{"start":{"line":34,"column":29},"end":{"line":34,"column":65}},"type":"cond-expr","locations":[{"start":{"line":34,"column":44},"end":{"line":34,"column":56}},{"start":{"line":34,"column":59},"end":{"line":34,"column":65}}]},"1":{"loc":{"start":{"line":56,"column":20},"end":{"line":56,"column":54}},"type":"cond-expr","locations":[{"start":{"line":56,"column":36},"end":{"line":56,"column":49}},{"start":{"line":56,"column":52},"end":{"line":56,"column":54}}]},"2":{"loc":{"start":{"line":62,"column":8},"end":{"line":69,"column":9}},"type":"switch","locations":[{"start":{"line":63,"column":12},"end":{"line":65,"column":22}},{"start":{"line":66,"column":12},"end":{"line":68,"column":22}}]},"3":{"loc":{"start":{"line":74,"column":8},"end":{"line":87,"column":9}},"type":"if","locations":[{"start":{"line":74,"column":8},"end":{"line":87,"column":9}},{"start":{},"end":{}}]},"4":{"loc":{"start":{"line":77,"column":12},"end":{"line":84,"column":13}},"type":"if","locations":[{"start":{"line":77,"column":12},"end":{"line":84,"column":13}},{"start":{},"end":{}}]},"5":{"loc":{"start":{"line":78,"column":16},"end":{"line":83,"column":17}},"type":"if","locations":[{"start":{"line":78,"column":16},"end":{"line":83,"column":17}},{"start":{},"end":{}}]},"6":{"loc":{"start":{"line":78,"column":20},"end":{"line":78,"column":68}},"type":"binary-expr","locations":[{"start":{"line":78,"column":20},"end":{"line":78,"column":42}},{"start":{"line":78,"column":46},"end":{"line":78,"column":68}}]},"7":{"loc":{"start":{"line":85,"column":12},"end":{"line":86,"column":36}},"type":"if","locations":[{"start":{"line":85,"column":12},"end":{"line":86,"column":36}},{"start":{},"end":{}}]},"8":{"loc":{"start":{"line":85,"column":16},"end":{"line":85,"column":41}},"type":"binary-expr","locations":[{"start":{"line":85,"column":16},"end":{"line":85,"column":23}},{"start":{"line":85,"column":27},"end":{"line":85,"column":41}}]},"9":{"loc":{"start":{"line":91,"column":8},"end":{"line":108,"column":9}},"type":"switch","locations":[{"start":{"line":92,"column":12},"end":{"line":95,"column":22}},{"start":{"line":96,"column":12},"end":{"line":99,"column":22}},{"start":{"line":100,"column":12},"end":{"line":103,"column":22}},{"start":{"line":104,"column":12},"end":{"line":107,"column":22}}]},"10":{"loc":{"start":{"line":112,"column":13},"end":{"line":116,"column":null}},"type":"binary-expr","locations":[{"start":{"line":112,"column":13},"end":{"line":112,"column":35}},{"start":{"line":113,"column":16},"end":{"line":115,"column":null}}]},"11":{"loc":{"start":{"line":118,"column":13},"end":{"line":129,"column":null}},"type":"cond-expr","locations":[{"start":{"line":119,"column":16},"end":{"line":126,"column":null}},{"start":{"line":129,"column":16},"end":{"line":129,"column":18}}]},"12":{"loc":{"start":{"line":118,"column":13},"end":{"line":118,"column":56}},"type":"binary-expr","locations":[{"start":{"line":118,"column":13},"end":{"line":118,"column":36}},{"start":{"line":118,"column":40},"end":{"line":118,"column":56}}]},"13":{"loc":{"start":{"line":131,"column":13},"end":{"line":137,"column":20}},"type":"cond-expr","locations":[{"start":{"line":132,"column":16},"end":{"line":135,"column":null}},{"start":{"line":137,"column":17},"end":{"line":137,"column":19}}]},"14":{"loc":{"start":{"line":131,"column":13},"end":{"line":131,"column":58}},"type":"binary-expr","locations":[{"start":{"line":131,"column":13},"end":{"line":131,"column":36}},{"start":{"line":131,"column":40},"end":{"line":131,"column":58}}]},"15":{"loc":{"start":{"line":138,"column":13},"end":{"line":149,"column":null}},"type":"cond-expr","locations":[{"start":{"line":139,"column":16},"end":{"line":146,"column":null}},{"start":{"line":149,"column":16},"end":{"line":149,"column":18}}]},"16":{"loc":{"start":{"line":138,"column":13},"end":{"line":138,"column":54}},"type":"binary-expr","locations":[{"start":{"line":138,"column":13},"end":{"line":138,"column":34}},{"start":{"line":138,"column":38},"end":{"line":138,"column":54}}]},"17":{"loc":{"start":{"line":151,"column":13},"end":{"line":162,"column":null}},"type":"cond-expr","locations":[{"start":{"line":152,"column":16},"end":{"line":159,"column":null}},{"start":{"line":162,"column":16},"end":{"line":162,"column":18}}]},"18":{"loc":{"start":{"line":151,"column":13},"end":{"line":151,"column":56}},"type":"binary-expr","locations":[{"start":{"line":151,"column":13},"end":{"line":151,"column":36}},{"start":{"line":151,"column":40},"end":{"line":151,"column":56}}]},"19":{"loc":{"start":{"line":164,"column":13},"end":{"line":175,"column":null}},"type":"cond-expr","locations":[{"start":{"line":165,"column":16},"end":{"line":172,"column":null}},{"start":{"line":175,"column":16},"end":{"line":175,"column":18}}]},"20":{"loc":{"start":{"line":164,"column":13},"end":{"line":164,"column":56}},"type":"binary-expr","locations":[{"start":{"line":164,"column":13},"end":{"line":164,"column":36}},{"start":{"line":164,"column":40},"end":{"line":164,"column":56}}]},"21":{"loc":{"start":{"line":177,"column":13},"end":{"line":260,"column":20}},"type":"cond-expr","locations":[{"start":{"line":178,"column":16},"end":{"line":258,"column":null}},{"start":{"line":260,"column":17},"end":{"line":260,"column":19}}]},"22":{"loc":{"start":{"line":187,"column":25},"end":{"line":187,"column":74}},"type":"cond-expr","locations":[{"start":{"line":187,"column":43},"end":{"line":187,"column":58}},{"start":{"line":187,"column":61},"end":{"line":187,"column":74}}]},"23":{"loc":{"start":{"line":191,"column":45},"end":{"line":193,"column":52}},"type":"cond-expr","locations":[{"start":{"line":192,"column":34},"end":{"line":192,"column":52}},{"start":{"line":193,"column":34},"end":{"line":193,"column":52}}]},"24":{"loc":{"start":{"line":194,"column":28},"end":{"line":239,"column":29}},"type":"if","locations":[{"start":{"line":194,"column":28},"end":{"line":239,"column":29}},{"start":{"line":218,"column":35},"end":{"line":239,"column":29}}]},"25":{"loc":{"start":{"line":198,"column":51},"end":{"line":198,"column":84}},"type":"cond-expr","locations":[{"start":{"line":198,"column":72},"end":{"line":198,"column":76}},{"start":{"line":198,"column":79},"end":{"line":198,"column":84}}]},"26":{"loc":{"start":{"line":206,"column":48},"end":{"line":208,"column":56}},"type":"cond-expr","locations":[{"start":{"line":207,"column":54},"end":{"line":207,"column":80}},{"start":{"line":208,"column":54},"end":{"line":208,"column":56}}]},"27":{"loc":{"start":{"line":213,"column":62},"end":{"line":213,"column":86}},"type":"cond-expr","locations":[{"start":{"line":213,"column":75},"end":{"line":213,"column":81}},{"start":{"line":213,"column":84},"end":{"line":213,"column":86}}]},"28":{"loc":{"start":{"line":218,"column":35},"end":{"line":239,"column":29}},"type":"if","locations":[{"start":{"line":218,"column":35},"end":{"line":239,"column":29}},{"start":{},"end":{}}]},"29":{"loc":{"start":{"line":225,"column":48},"end":{"line":227,"column":56}},"type":"cond-expr","locations":[{"start":{"line":226,"column":54},"end":{"line":226,"column":80}},{"start":{"line":227,"column":54},"end":{"line":227,"column":56}}]},"30":{"loc":{"start":{"line":230,"column":55},"end":{"line":231,"column":77}},"type":"cond-expr","locations":[{"start":{"line":231,"column":48},"end":{"line":231,"column":69}},{"start":{"line":231,"column":72},"end":{"line":231,"column":77}}]},"31":{"loc":{"start":{"line":243,"column":25},"end":{"line":243,"column":78}},"type":"cond-expr","locations":[{"start":{"line":243,"column":49},"end":{"line":243,"column":71}},{"start":{"line":243,"column":74},"end":{"line":243,"column":78}}]},"32":{"loc":{"start":{"line":261,"column":13},"end":{"line":336,"column":20}},"type":"cond-expr","locations":[{"start":{"line":262,"column":16},"end":{"line":334,"column":null}},{"start":{"line":336,"column":17},"end":{"line":336,"column":19}}]},"33":{"loc":{"start":{"line":271,"column":25},"end":{"line":271,"column":72}},"type":"cond-expr","locations":[{"start":{"line":271,"column":43},"end":{"line":271,"column":58}},{"start":{"line":271,"column":61},"end":{"line":271,"column":72}}]},"34":{"loc":{"start":{"line":275,"column":45},"end":{"line":277,"column":52}},"type":"cond-expr","locations":[{"start":{"line":276,"column":34},"end":{"line":276,"column":52}},{"start":{"line":277,"column":34},"end":{"line":277,"column":52}}]},"35":{"loc":{"start":{"line":278,"column":28},"end":{"line":323,"column":29}},"type":"if","locations":[{"start":{"line":278,"column":28},"end":{"line":323,"column":29}},{"start":{"line":302,"column":35},"end":{"line":323,"column":29}}]},"36":{"loc":{"start":{"line":282,"column":51},"end":{"line":282,"column":84}},"type":"cond-expr","locations":[{"start":{"line":282,"column":72},"end":{"line":282,"column":76}},{"start":{"line":282,"column":79},"end":{"line":282,"column":84}}]},"37":{"loc":{"start":{"line":290,"column":48},"end":{"line":292,"column":56}},"type":"cond-expr","locations":[{"start":{"line":291,"column":54},"end":{"line":291,"column":80}},{"start":{"line":292,"column":54},"end":{"line":292,"column":56}}]},"38":{"loc":{"start":{"line":297,"column":62},"end":{"line":297,"column":86}},"type":"cond-expr","locations":[{"start":{"line":297,"column":75},"end":{"line":297,"column":81}},{"start":{"line":297,"column":84},"end":{"line":297,"column":86}}]},"39":{"loc":{"start":{"line":302,"column":35},"end":{"line":323,"column":29}},"type":"if","locations":[{"start":{"line":302,"column":35},"end":{"line":323,"column":29}},{"start":{},"end":{}}]},"40":{"loc":{"start":{"line":309,"column":48},"end":{"line":311,"column":56}},"type":"cond-expr","locations":[{"start":{"line":310,"column":54},"end":{"line":310,"column":80}},{"start":{"line":311,"column":54},"end":{"line":311,"column":56}}]},"41":{"loc":{"start":{"line":314,"column":55},"end":{"line":315,"column":77}},"type":"cond-expr","locations":[{"start":{"line":315,"column":48},"end":{"line":315,"column":69}},{"start":{"line":315,"column":72},"end":{"line":315,"column":77}}]},"42":{"loc":{"start":{"line":337,"column":13},"end":{"line":419,"column":20}},"type":"cond-expr","locations":[{"start":{"line":338,"column":16},"end":{"line":417,"column":null}},{"start":{"line":419,"column":17},"end":{"line":419,"column":19}}]},"43":{"loc":{"start":{"line":347,"column":25},"end":{"line":347,"column":74}},"type":"cond-expr","locations":[{"start":{"line":347,"column":43},"end":{"line":347,"column":58}},{"start":{"line":347,"column":61},"end":{"line":347,"column":74}}]},"44":{"loc":{"start":{"line":351,"column":45},"end":{"line":353,"column":52}},"type":"cond-expr","locations":[{"start":{"line":352,"column":34},"end":{"line":352,"column":52}},{"start":{"line":353,"column":34},"end":{"line":353,"column":52}}]},"45":{"loc":{"start":{"line":354,"column":28},"end":{"line":399,"column":29}},"type":"if","locations":[{"start":{"line":354,"column":28},"end":{"line":399,"column":29}},{"start":{"line":378,"column":35},"end":{"line":399,"column":29}}]},"46":{"loc":{"start":{"line":358,"column":51},"end":{"line":358,"column":84}},"type":"cond-expr","locations":[{"start":{"line":358,"column":72},"end":{"line":358,"column":76}},{"start":{"line":358,"column":79},"end":{"line":358,"column":84}}]},"47":{"loc":{"start":{"line":366,"column":48},"end":{"line":368,"column":56}},"type":"cond-expr","locations":[{"start":{"line":367,"column":54},"end":{"line":367,"column":80}},{"start":{"line":368,"column":54},"end":{"line":368,"column":56}}]},"48":{"loc":{"start":{"line":373,"column":62},"end":{"line":373,"column":86}},"type":"cond-expr","locations":[{"start":{"line":373,"column":75},"end":{"line":373,"column":81}},{"start":{"line":373,"column":84},"end":{"line":373,"column":86}}]},"49":{"loc":{"start":{"line":378,"column":35},"end":{"line":399,"column":29}},"type":"if","locations":[{"start":{"line":378,"column":35},"end":{"line":399,"column":29}},{"start":{},"end":{}}]},"50":{"loc":{"start":{"line":385,"column":48},"end":{"line":387,"column":56}},"type":"cond-expr","locations":[{"start":{"line":386,"column":54},"end":{"line":386,"column":80}},{"start":{"line":387,"column":54},"end":{"line":387,"column":56}}]},"51":{"loc":{"start":{"line":390,"column":55},"end":{"line":391,"column":77}},"type":"cond-expr","locations":[{"start":{"line":391,"column":48},"end":{"line":391,"column":69}},{"start":{"line":391,"column":72},"end":{"line":391,"column":77}}]},"52":{"loc":{"start":{"line":420,"column":13},"end":{"line":502,"column":20}},"type":"cond-expr","locations":[{"start":{"line":421,"column":16},"end":{"line":500,"column":null}},{"start":{"line":502,"column":17},"end":{"line":502,"column":19}}]},"53":{"loc":{"start":{"line":430,"column":25},"end":{"line":430,"column":74}},"type":"cond-expr","locations":[{"start":{"line":430,"column":43},"end":{"line":430,"column":58}},{"start":{"line":430,"column":61},"end":{"line":430,"column":74}}]},"54":{"loc":{"start":{"line":434,"column":45},"end":{"line":436,"column":52}},"type":"cond-expr","locations":[{"start":{"line":435,"column":34},"end":{"line":435,"column":52}},{"start":{"line":436,"column":34},"end":{"line":436,"column":52}}]},"55":{"loc":{"start":{"line":437,"column":28},"end":{"line":482,"column":29}},"type":"if","locations":[{"start":{"line":437,"column":28},"end":{"line":482,"column":29}},{"start":{"line":461,"column":35},"end":{"line":482,"column":29}}]},"56":{"loc":{"start":{"line":441,"column":51},"end":{"line":441,"column":84}},"type":"cond-expr","locations":[{"start":{"line":441,"column":72},"end":{"line":441,"column":76}},{"start":{"line":441,"column":79},"end":{"line":441,"column":84}}]},"57":{"loc":{"start":{"line":449,"column":48},"end":{"line":451,"column":56}},"type":"cond-expr","locations":[{"start":{"line":450,"column":54},"end":{"line":450,"column":80}},{"start":{"line":451,"column":54},"end":{"line":451,"column":56}}]},"58":{"loc":{"start":{"line":456,"column":62},"end":{"line":456,"column":86}},"type":"cond-expr","locations":[{"start":{"line":456,"column":75},"end":{"line":456,"column":81}},{"start":{"line":456,"column":84},"end":{"line":456,"column":86}}]},"59":{"loc":{"start":{"line":461,"column":35},"end":{"line":482,"column":29}},"type":"if","locations":[{"start":{"line":461,"column":35},"end":{"line":482,"column":29}},{"start":{},"end":{}}]},"60":{"loc":{"start":{"line":468,"column":48},"end":{"line":470,"column":56}},"type":"cond-expr","locations":[{"start":{"line":469,"column":54},"end":{"line":469,"column":80}},{"start":{"line":470,"column":54},"end":{"line":470,"column":56}}]},"61":{"loc":{"start":{"line":473,"column":55},"end":{"line":474,"column":77}},"type":"cond-expr","locations":[{"start":{"line":474,"column":48},"end":{"line":474,"column":69}},{"start":{"line":474,"column":72},"end":{"line":474,"column":77}}]}},"s":{"0":1,"1":1,"2":1,"3":1,"4":1,"5":1,"6":1,"7":1,"8":1,"9":1,"10":1,"11":12,"12":12,"13":12,"14":12,"15":12,"16":12,"17":12,"18":12,"19":12,"20":12,"21":12,"22":12,"23":12,"24":0,"25":0,"26":12,"27":6,"28":6,"29":12,"30":0,"31":0,"32":0,"33":0,"34":0,"35":0,"36":0,"37":12,"38":0,"39":0,"40":0,"41":0,"42":0,"43":0,"44":0,"45":0,"46":0,"47":0,"48":12,"49":0,"50":0,"51":0,"52":0,"53":0,"54":0,"55":0,"56":0,"57":0,"58":0,"59":0,"60":0,"61":0,"62":12,"63":0,"64":0,"65":0,"66":0,"67":0,"68":0,"69":0,"70":0,"71":0,"72":0,"73":0,"74":0,"75":0,"76":0,"77":0,"78":0,"79":0,"80":0,"81":0,"82":0,"83":0,"84":0,"85":0,"86":0,"87":0,"88":0,"89":0,"90":1},"f":{"0":12,"1":0,"2":6,"3":0,"4":0,"5":0,"6":0,"7":0,"8":0,"9":0,"10":0,"11":0,"12":0,"13":0,"14":0,"15":0,"16":0,"17":0},"b":{"0":[0,12],"1":[0,6],"2":[0,0],"3":[0,0],"4":[0,0],"5":[0,0],"6":[0,0],"7":[0,0],"8":[0,0],"9":[0,0,0,0],"10":[12,0],"11":[12,0],"12":[12,12],"13":[0,12],"14":[12,12],"15":[0,12],"16":[12,0],"17":[0,12],"18":[12,0],"19":[0,12],"20":[12,0],"21":[0,12],"22":[0,0],"23":[0,0],"24":[0,0],"25":[0,0],"26":[0,0],"27":[0,0],"28":[0,0],"29":[0,0],"30":[0,0],"31":[0,0],"32":[0,12],"33":[0,0],"34":[0,0],"35":[0,0],"36":[0,0],"37":[0,0],"38":[0,0],"39":[0,0],"40":[0,0],"41":[0,0],"42":[0,12],"43":[0,0],"44":[0,0],"45":[0,0],"46":[0,0],"47":[0,0],"48":[0,0],"49":[0,0],"50":[0,0],"51":[0,0],"52":[0,12],"53":[0,0],"54":[0,0],"55":[0,0],"56":[0,0],"57":[0,0],"58":[0,0],"59":[0,0],"60":[0,0],"61":[0,0]}}
,"D:\\React_Typescript\\React_Amazon\\src\\common\\useController.ts": {"path":"D:\\React_Typescript\\React_Amazon\\src\\common\\useController.ts","statementMap":{"0":{"start":{"line":1,"column":0},"end":{"line":1,"column":47}},"1":{"start":{"line":2,"column":0},"end":{"line":2,"column":54}},"2":{"start":{"line":4,"column":22},"end":{"line":12,"column":1}},"3":{"start":{"line":5,"column":20},"end":{"line":5,"column":32}},"4":{"start":{"line":6,"column":23},"end":{"line":6,"column":48}},"5":{"start":{"line":8,"column":4},"end":{"line":11,"column":null}},"6":{"start":{"line":14,"column":0},"end":{"line":14,"column":29}}},"fnMap":{"0":{"name":"(anonymous_0)","decl":{"start":{"line":4,"column":22},"end":{"line":4,"column":25}},"loc":{"start":{"line":4,"column":27},"end":{"line":12,"column":1}}}},"branchMap":{},"s":{"0":1,"1":1,"2":1,"3":0,"4":0,"5":0,"6":1},"f":{"0":0},"b":{}}
,"D:\\React_Typescript\\React_Amazon\\src\\hooks\\Hooks.ts": {"path":"D:\\React_Typescript\\React_Amazon\\src\\hooks\\Hooks.ts","statementMap":{"0":{"start":{"line":1,"column":0},"end":{"line":1,"column":61}},"1":{"start":{"line":8,"column":13},"end":{"line":13,"column":null}},"2":{"start":{"line":11,"column":8},"end":{"line":11,"column":25}},"3":{"start":{"line":15,"column":22},"end":{"line":15,"column":32}},"4":{"start":{"line":15,"column":27},"end":{"line":15,"column":32}},"5":{"start":{"line":15,"column":13},"end":{"line":15,"column":22}}},"fnMap":{"0":{"name":"(anonymous_0)","decl":{"start":{"line":10,"column":4},"end":{"line":10,"column":12}},"loc":{"start":{"line":10,"column":29},"end":{"line":12,"column":5}}},"1":{"name":"(anonymous_1)","decl":{"start":{"line":15,"column":22},"end":{"line":15,"column":24}},"loc":{"start":{"line":15,"column":27},"end":{"line":15,"column":32}}}},"branchMap":{},"s":{"0":1,"1":1,"2":0,"3":1,"4":0,"5":1},"f":{"0":0,"1":0},"b":{}}
,"D:\\React_Typescript\\React_Amazon\\src\\hooks\\dispatcher\\index.ts": {"path":"D:\\React_Typescript\\React_Amazon\\src\\hooks\\dispatcher\\index.ts","statementMap":{"0":{"start":{"line":1,"column":0},"end":{"line":1,"column":41}},"1":{"start":{"line":2,"column":0},"end":{"line":2,"column":52}},"2":{"start":{"line":4,"column":20},"end":{"line":24,"column":1}},"3":{"start":{"line":5,"column":28},"end":{"line":5,"column":40}},"4":{"start":{"line":6,"column":4},"end":{"line":6,"column":23}},"5":{"start":{"line":7,"column":28},"end":{"line":12,"column":5}},"6":{"start":{"line":8,"column":8},"end":{"line":11,"column":11}},"7":{"start":{"line":14,"column":30},"end":{"line":19,"column":5}},"8":{"start":{"line":15,"column":8},"end":{"line":18,"column":11}},"9":{"start":{"line":20,"column":4},"end":{"line":23,"column":null}},"10":{"start":{"line":26,"column":0},"end":{"line":26,"column":29}}},"fnMap":{"0":{"name":"(anonymous_0)","decl":{"start":{"line":4,"column":20},"end":{"line":4,"column":22}},"loc":{"start":{"line":4,"column":24},"end":{"line":24,"column":1}}},"1":{"name":"(anonymous_1)","decl":{"start":{"line":7,"column":28},"end":{"line":7,"column":29}},"loc":{"start":{"line":7,"column":46},"end":{"line":12,"column":5}}},"2":{"name":"(anonymous_2)","decl":{"start":{"line":14,"column":30},"end":{"line":14,"column":31}},"loc":{"start":{"line":14,"column":50},"end":{"line":19,"column":5}}}},"branchMap":{},"s":{"0":1,"1":1,"2":1,"3":0,"4":0,"5":0,"6":0,"7":0,"8":0,"9":0,"10":1},"f":{"0":0,"1":0,"2":0},"b":{}}
,"D:\\React_Typescript\\React_Amazon\\src\\hooks\\model\\root.ts": {"path":"D:\\React_Typescript\\React_Amazon\\src\\hooks\\model\\root.ts","statementMap":{"0":{"start":{"line":26,"column":13},"end":{"line":33,"column":2}}},"fnMap":{},"branchMap":{},"s":{"0":1},"f":{},"b":{}}
,"D:\\React_Typescript\\React_Amazon\\src\\hooks\\provider\\ActionType.ts": {"path":"D:\\React_Typescript\\React_Amazon\\src\\hooks\\provider\\ActionType.ts","statementMap":{"0":{"start":{"line":8,"column":0},"end":{"line":8,"column":null}},"1":{"start":{"line":9,"column":4},"end":{"line":9,"column":null}},"2":{"start":{"line":10,"column":4},"end":{"line":10,"column":null}},"3":{"start":{"line":11,"column":4},"end":{"line":11,"column":null}}},"fnMap":{"0":{"name":"(anonymous_0)","decl":{"start":{"line":8,"column":0},"end":{"line":8,"column":12}},"loc":{"start":{"line":8,"column":22},"end":{"line":12,"column":1}}}},"branchMap":{"0":{"loc":{"start":{"line":8,"column":12},"end":{"line":8,"column":null}},"type":"binary-expr","locations":[{"start":{"line":8,"column":12},"end":{"line":8,"column":22}},{"start":{"line":8,"column":22},"end":{"line":8,"column":null}}]}},"s":{"0":1,"1":1,"2":1,"3":1},"f":{"0":1},"b":{"0":[1,1]}}
,"D:\\React_Typescript\\React_Amazon\\src\\hooks\\provider\\index.tsx": {"path":"D:\\React_Typescript\\React_Amazon\\src\\hooks\\provider\\index.tsx","statementMap":{"0":{"start":{"line":1,"column":0},"end":{"line":1,"column":42}},"1":{"start":{"line":2,"column":0},"end":{"line":2,"column":78}},"2":{"start":{"line":3,"column":0},"end":{"line":3,"column":38}},"3":{"start":{"line":6,"column":18},"end":{"line":9,"column":2}},"4":{"start":{"line":11,"column":24},"end":{"line":11,"column":97}},"5":{"start":{"line":11,"column":69},"end":{"line":11,"column":97}},"6":{"start":{"line":11,"column":13},"end":{"line":11,"column":24}},"7":{"start":{"line":13,"column":47},"end":{"line":25,"column":1}},"8":{"start":{"line":16,"column":28},"end":{"line":18,"column":null}},"9":{"start":{"line":20,"column":4},"end":{"line":24,"column":6}},"10":{"start":{"line":27,"column":0},"end":{"line":27,"column":24}}},"fnMap":{"0":{"name":"(anonymous_1)","decl":{"start":{"line":8,"column":4},"end":{"line":8,"column":6}},"loc":{"start":{"line":8,"column":8},"end":{"line":8,"column":10}}},"1":{"name":"(anonymous_2)","decl":{"start":{"line":11,"column":24},"end":{"line":11,"column":66}},"loc":{"start":{"line":11,"column":69},"end":{"line":11,"column":97}}},"2":{"name":"(anonymous_3)","decl":{"start":{"line":13,"column":47},"end":{"line":13,"column":null}},"loc":{"start":{"line":15,"column":18},"end":{"line":25,"column":1}}}},"branchMap":{},"s":{"0":1,"1":1,"2":1,"3":1,"4":1,"5":0,"6":1,"7":1,"8":0,"9":0,"10":1},"f":{"0":0,"1":0,"2":0},"b":{}}
,"D:\\React_Typescript\\React_Amazon\\src\\hooks\\reducer\\index.ts": {"path":"D:\\React_Typescript\\React_Amazon\\src\\hooks\\reducer\\index.ts","statementMap":{"0":{"start":{"line":3,"column":0},"end":{"line":3,"column":46}},"1":{"start":{"line":4,"column":0},"end":{"line":4,"column":36}},"2":{"start":{"line":6,"column":22},"end":{"line":13,"column":1}},"3":{"start":{"line":7,"column":4},"end":{"line":7,"column":25}},"4":{"start":{"line":8,"column":16},"end":{"line":8,"column":26}},"5":{"start":{"line":9,"column":13},"end":{"line":9,"column":52}},"6":{"start":{"line":10,"column":4},"end":{"line":10,"column":38}},"7":{"start":{"line":11,"column":4},"end":{"line":11,"column":47}},"8":{"start":{"line":12,"column":4},"end":{"line":12,"column":17}},"9":{"start":{"line":6,"column":13},"end":{"line":6,"column":22}}},"fnMap":{"0":{"name":"(anonymous_1)","decl":{"start":{"line":6,"column":22},"end":{"line":6,"column":23}},"loc":{"start":{"line":6,"column":71},"end":{"line":13,"column":1}}}},"branchMap":{},"s":{"0":1,"1":1,"2":1,"3":0,"4":0,"5":0,"6":0,"7":0,"8":0,"9":1},"f":{"0":0},"b":{}}
,"D:\\React_Typescript\\React_Amazon\\src\\hooks\\reducer\\master.reducers.ts": {"path":"D:\\React_Typescript\\React_Amazon\\src\\hooks\\reducer\\master.reducers.ts","statementMap":{"0":{"start":{"line":2,"column":0},"end":{"line":2,"column":61}},"1":{"start":{"line":4,"column":20},"end":{"line":17,"column":1}},"2":{"start":{"line":5,"column":4},"end":{"line":15,"column":5}},"3":{"start":{"line":7,"column":12},"end":{"line":7,"column":64}},"4":{"start":{"line":8,"column":12},"end":{"line":8,"column":18}},"5":{"start":{"line":10,"column":12},"end":{"line":10,"column":63}},"6":{"start":{"line":11,"column":12},"end":{"line":11,"column":18}},"7":{"start":{"line":13,"column":12},"end":{"line":13,"column":65}},"8":{"start":{"line":14,"column":12},"end":{"line":14,"column":18}},"9":{"start":{"line":16,"column":4},"end":{"line":16,"column":17}},"10":{"start":{"line":19,"column":0},"end":{"line":19,"column":29}}},"fnMap":{"0":{"name":"(anonymous_0)","decl":{"start":{"line":4,"column":20},"end":{"line":4,"column":21}},"loc":{"start":{"line":4,"column":71},"end":{"line":17,"column":1}}}},"branchMap":{"0":{"loc":{"start":{"line":5,"column":4},"end":{"line":15,"column":5}},"type":"switch","locations":[{"start":{"line":6,"column":8},"end":{"line":8,"column":18}},{"start":{"line":9,"column":8},"end":{"line":11,"column":18}},{"start":{"line":12,"column":8},"end":{"line":14,"column":18}}]}},"s":{"0":1,"1":1,"2":0,"3":0,"4":0,"5":0,"6":0,"7":0,"8":0,"9":0,"10":1},"f":{"0":0},"b":{"0":[0,0,0]}}
,"D:\\React_Typescript\\React_Amazon\\src\\login\\index.tsx": {"path":"D:\\React_Typescript\\React_Amazon\\src\\login\\index.tsx","statementMap":{"0":{"start":{"line":1,"column":0},"end":{"line":1,"column":131}},"1":{"start":{"line":3,"column":0},"end":{"line":3,"column":40}},"2":{"start":{"line":4,"column":0},"end":{"line":4,"column":51}},"3":{"start":{"line":5,"column":0},"end":{"line":5,"column":46}},"4":{"start":{"line":7,"column":18},"end":{"line":127,"column":1}},"5":{"start":{"line":8,"column":30},"end":{"line":8,"column":42}},"6":{"start":{"line":9,"column":36},"end":{"line":9,"column":48}},"7":{"start":{"line":10,"column":30},"end":{"line":10,"column":42}},"8":{"start":{"line":12,"column":4},"end":{"line":15,"column":26}},"9":{"start":{"line":13,"column":8},"end":{"line":13,"column":38}},"10":{"start":{"line":14,"column":8},"end":{"line":14,"column":44}},"11":{"start":{"line":17,"column":25},"end":{"line":20,"column":5}},"12":{"start":{"line":18,"column":8},"end":{"line":18,"column":27}},"13":{"start":{"line":19,"column":8},"end":{"line":19,"column":26}},"14":{"start":{"line":22,"column":4},"end":{"line":126,"column":6}},"15":{"start":{"line":39,"column":32},"end":{"line":41,"column":57}},"16":{"start":{"line":129,"column":0},"end":{"line":129,"column":25}}},"fnMap":{"0":{"name":"(anonymous_1)","decl":{"start":{"line":7,"column":18},"end":{"line":7,"column":21}},"loc":{"start":{"line":7,"column":23},"end":{"line":127,"column":1}}},"1":{"name":"(anonymous_2)","decl":{"start":{"line":12,"column":14},"end":{"line":12,"column":17}},"loc":{"start":{"line":12,"column":19},"end":{"line":15,"column":5}}},"2":{"name":"(anonymous_3)","decl":{"start":{"line":17,"column":25},"end":{"line":17,"column":26}},"loc":{"start":{"line":17,"column":36},"end":{"line":20,"column":5}}},"3":{"name":"(anonymous_4)","decl":{"start":{"line":38,"column":45},"end":{"line":38,"column":46}},"loc":{"start":{"line":39,"column":32},"end":{"line":41,"column":57}}}},"branchMap":{"0":{"loc":{"start":{"line":39,"column":32},"end":{"line":41,"column":57}},"type":"cond-expr","locations":[{"start":{"line":40,"column":38},"end":{"line":40,"column":56}},{"start":{"line":41,"column":38},"end":{"line":41,"column":57}}]}},"s":{"0":1,"1":1,"2":1,"3":1,"4":1,"5":5,"6":5,"7":5,"8":5,"9":4,"10":4,"11":5,"12":1,"13":1,"14":5,"15":5,"16":1},"f":{"0":5,"1":4,"2":1,"3":5},"b":{"0":[5,0]}}
,"D:\\React_Typescript\\React_Amazon\\src\\services\\ServiceConfig.tsx": {"path":"D:\\React_Typescript\\React_Amazon\\src\\services\\ServiceConfig.tsx","statementMap":{"0":{"start":{"line":1,"column":0},"end":{"line":1,"column":26}},"1":{"start":{"line":3,"column":19},"end":{"line":10,"column":2}},"2":{"start":{"line":12,"column":0},"end":{"line":21,"column":2}},"3":{"start":{"line":14,"column":16},"end":{"line":14,"column":169}},"4":{"start":{"line":15,"column":4},"end":{"line":17,"column":5}},"5":{"start":{"line":16,"column":8},"end":{"line":16,"column":57}},"6":{"start":{"line":18,"column":4},"end":{"line":18,"column":18}},"7":{"start":{"line":20,"column":15},"end":{"line":20,"column":36}},"8":{"start":{"line":23,"column":0},"end":{"line":23,"column":26}}},"fnMap":{"0":{"name":"(anonymous_1)","decl":{"start":{"line":12,"column":36},"end":{"line":12,"column":37}},"loc":{"start":{"line":12,"column":47},"end":{"line":19,"column":1}}},"1":{"name":"(anonymous_2)","decl":{"start":{"line":20,"column":4},"end":{"line":20,"column":5}},"loc":{"start":{"line":20,"column":15},"end":{"line":20,"column":36}}}},"branchMap":{"0":{"loc":{"start":{"line":15,"column":4},"end":{"line":17,"column":5}},"type":"if","locations":[{"start":{"line":15,"column":4},"end":{"line":17,"column":5}},{"start":{},"end":{}}]}},"s":{"0":1,"1":1,"2":1,"3":0,"4":0,"5":0,"6":0,"7":0,"8":1},"f":{"0":0,"1":0},"b":{"0":[0,0]}}
,"D:\\React_Typescript\\React_Amazon\\src\\services\\index.tsx": {"path":"D:\\React_Typescript\\React_Amazon\\src\\services\\index.tsx","statementMap":{"0":{"start":{"line":1,"column":0},"end":{"line":1,"column":41}},"1":{"start":{"line":2,"column":0},"end":{"line":2,"column":48}},"2":{"start":{"line":5,"column":39},"end":{"line":45,"column":1}},"3":{"start":{"line":7,"column":34},"end":{"line":7,"column":49}},"4":{"start":{"line":8,"column":36},"end":{"line":8,"column":51}},"5":{"start":{"line":10,"column":29},"end":{"line":16,"column":6}},"6":{"start":{"line":10,"column":40},"end":{"line":16,"column":6}},"7":{"start":{"line":11,"column":25},"end":{"line":11,"column":56}},"8":{"start":{"line":12,"column":21},"end":{"line":12,"column":34}},"9":{"start":{"line":13,"column":8},"end":{"line":13,"column":32}},"10":{"start":{"line":14,"column":8},"end":{"line":14,"column":47}},"11":{"start":{"line":15,"column":8},"end":{"line":15,"column":20}},"12":{"start":{"line":18,"column":31},"end":{"line":24,"column":6}},"13":{"start":{"line":18,"column":42},"end":{"line":24,"column":6}},"14":{"start":{"line":19,"column":25},"end":{"line":19,"column":58}},"15":{"start":{"line":20,"column":21},"end":{"line":20,"column":34}},"16":{"start":{"line":21,"column":8},"end":{"line":21,"column":34}},"17":{"start":{"line":22,"column":8},"end":{"line":22,"column":49}},"18":{"start":{"line":23,"column":8},"end":{"line":23,"column":20}},"19":{"start":{"line":25,"column":31},"end":{"line":31,"column":6}},"20":{"start":{"line":25,"column":42},"end":{"line":31,"column":6}},"21":{"start":{"line":26,"column":25},"end":{"line":26,"column":58}},"22":{"start":{"line":27,"column":21},"end":{"line":27,"column":34}},"23":{"start":{"line":28,"column":8},"end":{"line":28,"column":34}},"24":{"start":{"line":29,"column":8},"end":{"line":29,"column":49}},"25":{"start":{"line":30,"column":8},"end":{"line":30,"column":20}},"26":{"start":{"line":32,"column":29},"end":{"line":38,"column":6}},"27":{"start":{"line":32,"column":40},"end":{"line":38,"column":6}},"28":{"start":{"line":33,"column":25},"end":{"line":33,"column":58}},"29":{"start":{"line":34,"column":21},"end":{"line":34,"column":34}},"30":{"start":{"line":35,"column":8},"end":{"line":35,"column":34}},"31":{"start":{"line":36,"column":8},"end":{"line":36,"column":49}},"32":{"start":{"line":37,"column":8},"end":{"line":37,"column":20}},"33":{"start":{"line":39,"column":4},"end":{"line":44,"column":6}},"34":{"start":{"line":5,"column":13},"end":{"line":5,"column":39}}},"fnMap":{"0":{"name":"(anonymous_8)","decl":{"start":{"line":5,"column":39},"end":{"line":5,"column":42}},"loc":{"start":{"line":5,"column":44},"end":{"line":45,"column":1}}},"1":{"name":"(anonymous_9)","decl":{"start":{"line":10,"column":29},"end":{"line":10,"column":38}},"loc":{"start":{"line":10,"column":40},"end":{"line":16,"column":6}}},"2":{"name":"(anonymous_10)","decl":{"start":{"line":10,"column":40},"end":{"line":10,"column":null}},"loc":{"start":{"line":10,"column":40},"end":{"line":16,"column":5}}},"3":{"name":"(anonymous_11)","decl":{"start":{"line":18,"column":31},"end":{"line":18,"column":40}},"loc":{"start":{"line":18,"column":42},"end":{"line":24,"column":6}}},"4":{"name":"(anonymous_12)","decl":{"start":{"line":18,"column":42},"end":{"line":18,"column":null}},"loc":{"start":{"line":18,"column":42},"end":{"line":24,"column":5}}},"5":{"name":"(anonymous_13)","decl":{"start":{"line":25,"column":31},"end":{"line":25,"column":40}},"loc":{"start":{"line":25,"column":42},"end":{"line":31,"column":6}}},"6":{"name":"(anonymous_14)","decl":{"start":{"line":25,"column":42},"end":{"line":25,"column":null}},"loc":{"start":{"line":25,"column":42},"end":{"line":31,"column":5}}},"7":{"name":"(anonymous_15)","decl":{"start":{"line":32,"column":29},"end":{"line":32,"column":38}},"loc":{"start":{"line":32,"column":40},"end":{"line":38,"column":6}}},"8":{"name":"(anonymous_16)","decl":{"start":{"line":32,"column":40},"end":{"line":32,"column":null}},"loc":{"start":{"line":32,"column":40},"end":{"line":38,"column":5}}}},"branchMap":{},"s":{"0":1,"1":1,"2":1,"3":0,"4":0,"5":0,"6":0,"7":0,"8":0,"9":0,"10":0,"11":0,"12":0,"13":0,"14":0,"15":0,"16":0,"17":0,"18":0,"19":0,"20":0,"21":0,"22":0,"23":0,"24":0,"25":0,"26":0,"27":0,"28":0,"29":0,"30":0,"31":0,"32":0,"33":0,"34":1},"f":{"0":0,"1":0,"2":0,"3":0,"4":0,"5":0,"6":0,"7":0,"8":0},"b":{}}
}
