TN:
SF:src\App.tsx
FN:4,App
FN:11,(anonymous_1)
FN:11,(anonymous_2)
FNF:3
FNH:1
FNDA:1,App
FNDA:0,(anonymous_1)
FNDA:0,(anonymous_2)
DA:1,1
DA:2,1
DA:5,1
DA:7,1
DA:11,0
DA:25,1
LF:6
LH:5
BRF:0
BRH:0
end_of_record
TN:
SF:src\ApplicationRoute.tsx
FN:6,(anonymous_10)
FN:6,(anonymous_11)
FN:7,(anonymous_12)
FN:7,(anonymous_13)
FN:9,(anonymous_14)
FNF:5
FNH:0
FNDA:0,(anonymous_10)
FNDA:0,(anonymous_11)
FNDA:0,(anonymous_12)
FNDA:0,(anonymous_13)
FNDA:0,(anonymous_14)
DA:1,0
DA:2,0
DA:3,0
DA:4,0
DA:6,0
DA:7,0
DA:9,0
DA:10,0
DA:26,0
LF:9
LH:0
BRF:0
BRH:0
end_of_record
TN:
SF:src\DashboardHome.tsx
FN:39,(anonymous_17)
FN:39,(anonymous_18)
FN:40,(anonymous_19)
FN:40,(anonymous_20)
FN:41,(anonymous_21)
FN:41,(anonymous_22)
FN:42,(anonymous_23)
FN:42,(anonymous_24)
FN:43,(anonymous_25)
FN:43,(anonymous_26)
FN:44,(anonymous_27)
FN:44,(anonymous_28)
FN:45,(anonymous_29)
FN:45,(anonymous_30)
FN:48,(anonymous_31)
FN:57,(anonymous_32)
FN:69,(anonymous_33)
FN:83,(anonymous_34)
FN:84,(anonymous_35)
FN:92,(anonymous_36)
FN:105,(anonymous_37)
FN:106,(anonymous_38)
FN:113,(anonymous_39)
FN:120,(anonymous_40)
FN:130,(anonymous_41)
FN:146,(anonymous_42)
FN:156,(anonymous_43)
FN:170,(anonymous_44)
FN:180,(anonymous_45)
FN:184,(anonymous_46)
FN:188,(anonymous_47)
FN:195,(anonymous_48)
FN:199,(anonymous_49)
FN:203,(anonymous_50)
FN:204,(anonymous_51)
FN:204,(anonymous_52)
FN:208,(anonymous_53)
FN:208,(anonymous_54)
FN:216,(anonymous_55)
FN:382,(anonymous_56)
FN:398,(anonymous_57)
FN:441,(anonymous_58)
FN:457,(anonymous_59)
FNF:43
FNH:18
FNDA:0,(anonymous_17)
FNDA:0,(anonymous_18)
FNDA:1,(anonymous_19)
FNDA:1,(anonymous_20)
FNDA:0,(anonymous_21)
FNDA:0,(anonymous_22)
FNDA:0,(anonymous_23)
FNDA:0,(anonymous_24)
FNDA:0,(anonymous_25)
FNDA:0,(anonymous_26)
FNDA:0,(anonymous_27)
FNDA:0,(anonymous_28)
FNDA:0,(anonymous_29)
FNDA:0,(anonymous_30)
FNDA:2,(anonymous_31)
FNDA:2,(anonymous_32)
FNDA:2,(anonymous_33)
FNDA:4,(anonymous_34)
FNDA:1,(anonymous_35)
FNDA:1,(anonymous_36)
FNDA:4,(anonymous_37)
FNDA:1,(anonymous_38)
FNDA:1,(anonymous_39)
FNDA:1,(anonymous_40)
FNDA:1,(anonymous_41)
FNDA:1,(anonymous_42)
FNDA:1,(anonymous_43)
FNDA:1,(anonymous_44)
FNDA:0,(anonymous_45)
FNDA:0,(anonymous_46)
FNDA:0,(anonymous_47)
FNDA:0,(anonymous_48)
FNDA:0,(anonymous_49)
FNDA:0,(anonymous_50)
FNDA:0,(anonymous_51)
FNDA:0,(anonymous_52)
FNDA:0,(anonymous_53)
FNDA:0,(anonymous_54)
FNDA:0,(anonymous_55)
FNDA:7,(anonymous_56)
FNDA:0,(anonymous_57)
FNDA:3,(anonymous_58)
FNDA:0,(anonymous_59)
DA:1,1
DA:2,1
DA:3,1
DA:4,1
DA:5,1
DA:6,1
DA:7,1
DA:8,1
DA:9,1
DA:10,1
DA:11,1
DA:12,1
DA:13,1
DA:14,1
DA:15,1
DA:16,1
DA:17,1
DA:18,1
DA:19,1
DA:20,1
DA:21,1
DA:22,1
DA:23,1
DA:24,1
DA:25,1
DA:26,1
DA:27,1
DA:28,1
DA:29,1
DA:30,1
DA:31,1
DA:32,1
DA:33,1
DA:35,1
DA:36,1
DA:37,1
DA:39,1
DA:40,2
DA:41,1
DA:42,1
DA:43,1
DA:44,1
DA:45,1
DA:46,1
DA:48,2
DA:57,2
DA:69,2
DA:82,1
DA:83,4
DA:84,1
DA:92,1
DA:105,4
DA:106,1
DA:113,1
DA:120,1
DA:130,1
DA:146,1
DA:156,1
DA:170,1
DA:171,1
DA:172,1
DA:173,1
DA:175,1
DA:177,1
DA:178,1
DA:180,1
DA:181,0
DA:184,1
DA:185,0
DA:188,1
DA:189,0
DA:190,0
DA:192,1
DA:193,1
DA:195,1
DA:196,0
DA:199,1
DA:200,0
DA:203,1
DA:204,0
DA:205,0
DA:206,0
DA:208,0
DA:209,0
DA:210,0
DA:212,0
DA:213,0
DA:216,1
DA:217,0
DA:220,1
DA:223,1
DA:243,1
DA:245,1
DA:296,1
DA:383,7
DA:398,0
DA:442,3
DA:457,0
DA:511,1
LF:99
LH:82
BRDA:310,0,0,1
BRDA:310,0,1,0
BRDA:377,1,0,0
BRDA:377,1,1,1
BRDA:390,2,0,0
BRDA:390,2,1,7
BRDA:406,3,0,0
BRDA:406,3,1,7
BRDA:415,4,0,1
BRDA:415,4,1,6
BRDA:416,5,0,1
BRDA:416,5,1,5
BRDA:417,6,0,1
BRDA:417,6,1,4
BRDA:418,7,0,1
BRDA:418,7,1,3
BRDA:419,8,0,1
BRDA:419,8,1,2
BRDA:420,9,0,1
BRDA:420,9,1,1
BRDA:426,10,0,0
BRDA:426,10,1,7
BRDA:449,11,0,0
BRDA:449,11,1,3
BRDA:465,12,0,0
BRDA:465,12,1,3
BRDA:474,13,0,1
BRDA:474,13,1,2
BRDA:475,14,0,1
BRDA:475,14,1,1
BRDA:480,15,0,0
BRDA:480,15,1,3
BRDA:498,16,0,1
BRDA:498,16,1,0
BRDA:499,17,0,0
BRDA:499,17,1,0
BRDA:500,18,0,0
BRDA:500,18,1,0
BRDA:501,19,0,0
BRDA:501,19,1,0
BRDA:502,20,0,0
BRDA:502,20,1,0
BRDA:503,21,0,0
BRDA:503,21,1,0
BRF:44
BRH:25
end_of_record
TN:
SF:src\ProtectedRoute.tsx
FN:3,(anonymous_0)
FNF:1
FNH:0
FNDA:0,(anonymous_0)
DA:1,0
DA:3,0
DA:4,0
DA:6,0
DA:9,0
LF:5
LH:0
BRDA:6,0,0,0
BRDA:6,0,1,0
BRF:2
BRH:0
end_of_record
TN:
SF:src\main.tsx
FN:8,(anonymous_1)
FNF:1
FNH:0
FNDA:0,(anonymous_1)
DA:1,0
DA:2,0
DA:3,0
DA:4,0
DA:5,0
DA:6,0
DA:8,0
DA:16,0
DA:19,0
LF:9
LH:0
BRF:0
BRH:0
end_of_record
TN:
SF:src\vite-env.d.ts
FNF:0
FNH:0
LF:0
LH:0
BRF:0
BRH:0
end_of_record
TN:
SF:src\CartManagement\CartDashboard.tsx
FN:6,(anonymous_1)
FNF:1
FNH:1
FNDA:1,(anonymous_1)
DA:1,1
DA:2,1
DA:6,1
DA:7,1
DA:12,1
LF:5
LH:5
BRF:0
BRH:0
end_of_record
TN:
SF:src\CartManagement\CartDisplayPage.tsx
FN:13,(anonymous_10)
FN:18,(anonymous_11)
FN:22,(anonymous_12)
FN:26,(anonymous_13)
FN:30,(anonymous_14)
FN:34,(anonymous_15)
FN:64,(anonymous_16)
FN:94,(anonymous_17)
FNF:8
FNH:3
FNDA:4,(anonymous_10)
FNDA:2,(anonymous_11)
FNDA:0,(anonymous_12)
FNDA:0,(anonymous_13)
FNDA:0,(anonymous_14)
FNDA:0,(anonymous_15)
FNDA:2,(anonymous_16)
FNDA:0,(anonymous_17)
DA:1,2
DA:2,2
DA:3,2
DA:4,2
DA:7,2
DA:8,2
DA:9,2
DA:10,2
DA:13,2
DA:14,4
DA:15,4
DA:16,4
DA:18,4
DA:19,2
DA:22,4
DA:26,4
DA:30,4
DA:34,4
DA:35,0
DA:64,4
DA:94,0
DA:98,4
DA:124,2
LF:23
LH:21
BRDA:15,0,0,0
BRDA:15,0,1,4
BRDA:15,1,0,4
BRDA:15,1,1,4
BRF:4
BRH:3
end_of_record
TN:
SF:src\CustomInputs\index.tsx
FNF:0
FNH:0
DA:1,11
DA:2,11
DA:4,11
DA:25,11
LF:4
LH:4
BRF:0
BRH:0
end_of_record
TN:
SF:src\InventoryManagement\InventoryDashboard.tsx
FN:6,(anonymous_1)
FNF:1
FNH:1
FNDA:1,(anonymous_1)
DA:1,1
DA:2,1
DA:6,1
DA:7,1
DA:12,1
LF:5
LH:5
BRF:0
BRH:0
end_of_record
TN:
SF:src\InventoryManagement\InventoryDisplayPage.tsx
FN:13,(anonymous_10)
FN:18,(anonymous_11)
FN:22,(anonymous_12)
FN:26,(anonymous_13)
FN:30,(anonymous_14)
FN:34,(anonymous_15)
FN:64,(anonymous_16)
FN:94,(anonymous_17)
FNF:8
FNH:3
FNDA:4,(anonymous_10)
FNDA:2,(anonymous_11)
FNDA:0,(anonymous_12)
FNDA:0,(anonymous_13)
FNDA:0,(anonymous_14)
FNDA:0,(anonymous_15)
FNDA:2,(anonymous_16)
FNDA:0,(anonymous_17)
DA:1,2
DA:2,2
DA:3,2
DA:4,2
DA:7,2
DA:8,2
DA:9,2
DA:10,2
DA:13,2
DA:14,4
DA:15,4
DA:16,4
DA:18,4
DA:19,2
DA:22,4
DA:26,4
DA:30,4
DA:34,4
DA:35,0
DA:64,4
DA:94,0
DA:98,4
DA:124,2
LF:23
LH:21
BRDA:15,0,0,0
BRDA:15,0,1,4
BRDA:15,1,0,4
BRDA:15,1,1,4
BRF:4
BRH:3
end_of_record
TN:
SF:src\NotificationManagement\NotificationDashboard.tsx
FN:5,(anonymous_1)
FNF:1
FNH:1
FNDA:1,(anonymous_1)
DA:1,1
DA:5,1
DA:6,1
DA:13,1
LF:4
LH:4
BRF:0
BRH:0
end_of_record
TN:
SF:src\OrderManagement\OrderContext.tsx
FN:22,(anonymous_0)
FN:32,(anonymous_1)
FN:33,(anonymous_2)
FN:36,(anonymous_3)
FN:37,(anonymous_4)
FN:37,(anonymous_5)
FNF:6
FNH:6
FNDA:6,(anonymous_0)
FNDA:1,(anonymous_1)
FNDA:1,(anonymous_2)
FNDA:1,(anonymous_3)
FNDA:1,(anonymous_4)
FNDA:2,(anonymous_5)
DA:1,3
DA:16,3
DA:22,3
DA:23,6
DA:32,6
DA:33,1
DA:36,6
DA:37,2
DA:40,6
LF:9
LH:9
BRF:0
BRH:0
end_of_record
TN:
SF:src\OrderManagement\OrderDashboard.tsx
FN:14,(anonymous_17)
FN:21,(anonymous_18)
FN:25,(anonymous_19)
FN:30,(anonymous_20)
FN:30,(anonymous_21)
FN:35,(anonymous_22)
FN:35,(anonymous_23)
FN:39,(anonymous_24)
FN:39,(anonymous_25)
FN:43,(anonymous_26)
FN:75,(anonymous_27)
FN:100,(anonymous_28)
FNF:12
FNH:3
FNDA:1,(anonymous_17)
FNDA:1,(anonymous_18)
FNDA:0,(anonymous_19)
FNDA:0,(anonymous_20)
FNDA:0,(anonymous_21)
FNDA:0,(anonymous_22)
FNDA:0,(anonymous_23)
FNDA:0,(anonymous_24)
FNDA:0,(anonymous_25)
FNDA:0,(anonymous_26)
FNDA:1,(anonymous_27)
FNDA:0,(anonymous_28)
DA:1,2
DA:2,2
DA:3,2
DA:4,2
DA:9,2
DA:10,2
DA:11,2
DA:12,2
DA:14,2
DA:15,1
DA:16,1
DA:17,1
DA:18,1
DA:19,1
DA:21,1
DA:22,1
DA:25,1
DA:26,0
DA:27,0
DA:30,1
DA:31,0
DA:32,0
DA:35,1
DA:36,0
DA:39,1
DA:40,0
DA:43,1
DA:44,0
DA:74,1
DA:75,1
DA:100,0
DA:106,1
DA:134,2
LF:33
LH:25
BRDA:16,0,0,0
BRDA:16,0,1,1
BRDA:16,1,0,1
BRDA:16,1,1,1
BRF:4
BRH:3
end_of_record
TN:
SF:src\OrderManagement\OrderDashboardDisplay.tsx
FN:5,(anonymous_1)
FNF:1
FNH:1
FNDA:1,(anonymous_1)
DA:2,1
DA:3,1
DA:5,1
DA:6,1
DA:13,1
LF:5
LH:5
BRF:0
BRH:0
end_of_record
TN:
SF:src\OrderManagement\OrderDisplayPage.tsx
FN:4,(anonymous_0)
FN:18,(anonymous_1)
FN:21,(anonymous_2)
FN:37,(anonymous_3)
FN:38,(anonymous_4)
FN:42,(anonymous_5)
FNF:6
FNH:6
FNDA:11,(anonymous_0)
FNDA:1,(anonymous_1)
FNDA:1,(anonymous_2)
FNDA:1,(anonymous_3)
FNDA:1,(anonymous_4)
FNDA:8,(anonymous_5)
DA:1,2
DA:2,2
DA:4,2
DA:6,11
DA:7,10
DA:14,10
DA:15,4
DA:18,6
DA:19,1
DA:20,1
DA:21,1
DA:27,6
DA:29,6
DA:37,1
DA:38,1
DA:43,8
DA:54,2
LF:17
LH:17
BRDA:14,0,0,4
BRDA:14,0,1,6
BRDA:42,1,0,6
BRDA:42,1,1,6
BRF:4
BRH:4
end_of_record
TN:
SF:src\OrderManagement\SaveOrderPage.tsx
FN:19,(anonymous_10)
FN:30,(anonymous_11)
FN:36,(anonymous_12)
FN:42,(anonymous_13)
FN:49,(anonymous_14)
FN:51,(anonymous_15)
FN:68,(anonymous_16)
FNF:7
FNH:5
FNDA:10,(anonymous_10)
FNDA:0,(anonymous_11)
FNDA:0,(anonymous_12)
FNDA:8,(anonymous_13)
FNDA:2,(anonymous_14)
FNDA:2,(anonymous_15)
FNDA:1,(anonymous_16)
DA:1,1
DA:2,1
DA:10,1
DA:11,1
DA:12,1
DA:13,1
DA:19,1
DA:21,10
DA:29,10
DA:31,0
DA:35,10
DA:37,0
DA:42,10
DA:43,8
DA:44,0
DA:45,0
DA:49,10
DA:50,2
DA:51,2
DA:54,10
DA:68,1
DA:125,1
LF:22
LH:18
BRDA:43,0,0,0
BRDA:43,0,1,8
BRF:2
BRH:1
end_of_record
TN:
SF:src\OrderTracking\OrderTrackingDashboard.tsx
FN:5,(anonymous_9)
FN:9,(anonymous_10)
FN:12,(anonymous_11)
FN:16,(anonymous_12)
FN:20,(anonymous_13)
FN:23,(anonymous_14)
FN:27,(anonymous_15)
FN:36,(anonymous_16)
FNF:8
FNH:3
FNDA:1,(anonymous_9)
FNDA:1,(anonymous_10)
FNDA:0,(anonymous_11)
FNDA:0,(anonymous_12)
FNDA:0,(anonymous_13)
FNDA:0,(anonymous_14)
FNDA:1,(anonymous_15)
FNDA:0,(anonymous_16)
DA:1,1
DA:5,1
DA:6,1
DA:7,1
DA:9,1
DA:10,1
DA:12,1
DA:13,0
DA:16,1
DA:17,0
DA:18,0
DA:19,0
DA:20,0
DA:23,1
DA:24,0
DA:27,1
DA:30,1
DA:37,0
DA:44,1
LF:19
LH:12
BRF:0
BRH:0
end_of_record
TN:
SF:src\PaymentManagement\PaymentDashboard.tsx
FN:6,(anonymous_1)
FNF:1
FNH:1
FNDA:1,(anonymous_1)
DA:1,1
DA:2,1
DA:6,1
DA:7,1
DA:12,1
LF:5
LH:5
BRF:0
BRH:0
end_of_record
TN:
SF:src\PaymentManagement\PaymentDisplayPage.tsx
FN:13,(anonymous_10)
FN:18,(anonymous_11)
FN:22,(anonymous_12)
FN:26,(anonymous_13)
FN:30,(anonymous_14)
FN:34,(anonymous_15)
FN:64,(anonymous_16)
FN:94,(anonymous_17)
FNF:8
FNH:3
FNDA:4,(anonymous_10)
FNDA:2,(anonymous_11)
FNDA:0,(anonymous_12)
FNDA:0,(anonymous_13)
FNDA:0,(anonymous_14)
FNDA:0,(anonymous_15)
FNDA:2,(anonymous_16)
FNDA:0,(anonymous_17)
DA:1,2
DA:2,2
DA:3,2
DA:4,2
DA:7,2
DA:8,2
DA:9,2
DA:10,2
DA:13,2
DA:14,4
DA:15,4
DA:16,4
DA:18,4
DA:19,2
DA:22,4
DA:26,4
DA:30,4
DA:34,4
DA:35,0
DA:64,4
DA:94,0
DA:98,4
DA:124,2
LF:23
LH:21
BRDA:15,0,0,0
BRDA:15,0,1,4
BRDA:15,1,0,4
BRDA:15,1,1,4
BRF:4
BRH:3
end_of_record
TN:
SF:src\PortalComponent\ModelPortal.tsx
FN:8,(anonymous_1)
FNF:1
FNH:1
FNDA:2,(anonymous_1)
DA:2,2
DA:8,2
DA:10,2
DA:12,2
DA:14,0
DA:20,2
LF:6
LH:5
BRDA:12,0,0,2
BRDA:12,0,1,0
BRF:2
BRH:1
end_of_record
TN:
SF:src\PortalComponent\PortalDisplayPage.tsx
FN:4,(anonymous_1)
FN:9,(anonymous_2)
FN:14,(anonymous_3)
FNF:3
FNH:1
FNDA:1,(anonymous_1)
FNDA:0,(anonymous_2)
FNDA:0,(anonymous_3)
DA:1,1
DA:2,1
DA:4,1
DA:5,1
DA:7,1
DA:9,0
DA:14,0
DA:22,1
LF:8
LH:6
BRDA:10,0,0,1
BRDA:10,0,1,1
BRF:2
BRH:2
end_of_record
TN:
SF:src\ProductManagement\ProductContext.tsx
FN:22,(anonymous_0)
FN:31,(anonymous_1)
FN:32,(anonymous_2)
FN:35,(anonymous_3)
FN:36,(anonymous_4)
FNF:5
FNH:1
FNDA:2,(anonymous_0)
FNDA:0,(anonymous_1)
FNDA:0,(anonymous_2)
FNDA:0,(anonymous_3)
FNDA:0,(anonymous_4)
DA:1,2
DA:16,2
DA:22,2
DA:24,2
DA:31,2
DA:32,0
DA:35,2
DA:36,0
DA:39,2
LF:9
LH:7
BRF:0
BRH:0
end_of_record
TN:
SF:src\ProductManagement\ProductDashboard.tsx
FN:6,(anonymous_1)
FNF:1
FNH:1
FNDA:1,(anonymous_1)
DA:1,1
DA:2,1
DA:6,1
DA:7,1
DA:12,1
LF:5
LH:5
BRF:0
BRH:0
end_of_record
TN:
SF:src\ProductManagement\ProductDisplayPage.tsx
FN:13,(anonymous_10)
FN:18,(anonymous_11)
FN:22,(anonymous_12)
FN:26,(anonymous_13)
FN:30,(anonymous_14)
FN:34,(anonymous_15)
FN:64,(anonymous_16)
FN:94,(anonymous_17)
FNF:8
FNH:3
FNDA:4,(anonymous_10)
FNDA:2,(anonymous_11)
FNDA:0,(anonymous_12)
FNDA:0,(anonymous_13)
FNDA:0,(anonymous_14)
FNDA:0,(anonymous_15)
FNDA:2,(anonymous_16)
FNDA:0,(anonymous_17)
DA:1,2
DA:2,2
DA:3,2
DA:4,2
DA:7,2
DA:8,2
DA:9,2
DA:10,2
DA:13,2
DA:14,4
DA:15,4
DA:16,4
DA:18,4
DA:19,2
DA:22,4
DA:26,4
DA:30,4
DA:34,4
DA:35,0
DA:64,4
DA:94,0
DA:98,4
DA:124,2
LF:23
LH:21
BRDA:15,0,0,0
BRDA:15,0,1,4
BRDA:15,1,0,4
BRDA:15,1,1,4
BRF:4
BRH:3
end_of_record
TN:
SF:src\ProductManagement\ProductDisplayPage2.tsx
FN:11,(anonymous_10)
FN:18,(anonymous_11)
FNF:2
FNH:2
FNDA:6,(anonymous_10)
FNDA:1,(anonymous_11)
DA:1,1
DA:2,1
DA:3,1
DA:4,1
DA:7,1
DA:11,1
DA:12,6
DA:13,5
DA:14,4
DA:16,1
DA:18,1
DA:46,1
DA:58,1
LF:13
LH:13
BRDA:13,0,0,4
BRDA:13,0,1,1
BRF:2
BRH:2
end_of_record
TN:
SF:src\api\apiConfig.ts
FNF:0
FNH:0
DA:1,12
DA:3,12
LF:2
LH:2
BRF:0
BRH:0
end_of_record
TN:
SF:src\api\endPoints.ts
FNF:0
FNH:0
DA:1,12
DA:3,12
LF:2
LH:2
BRF:0
BRH:0
end_of_record
TN:
SF:src\hooks\Hooks.ts
FN:10,(anonymous_0)
FN:15,(anonymous_1)
FNF:2
FNH:0
FNDA:0,(anonymous_0)
FNDA:0,(anonymous_1)
DA:1,11
DA:8,11
DA:11,0
DA:15,11
LF:4
LH:3
BRF:0
BRH:0
end_of_record
TN:
SF:src\hooks\dispatcher\index.ts
FN:4,(anonymous_0)
FN:7,(anonymous_1)
FN:14,(anonymous_2)
FNF:3
FNH:1
FNDA:2,(anonymous_0)
FNDA:0,(anonymous_1)
FNDA:0,(anonymous_2)
DA:1,11
DA:2,11
DA:4,11
DA:5,2
DA:6,2
DA:7,2
DA:8,0
DA:14,2
DA:15,0
DA:20,2
DA:26,11
LF:11
LH:9
BRF:0
BRH:0
end_of_record
TN:
SF:src\hooks\model\root.ts
FNF:0
FNH:0
DA:26,11
LF:1
LH:1
BRF:0
BRH:0
end_of_record
TN:
SF:src\hooks\provider\ActionType.ts
FN:8,(anonymous_0)
FNF:1
FNH:1
FNDA:11,(anonymous_0)
DA:8,11
DA:9,11
DA:10,11
DA:11,11
LF:4
LH:4
BRDA:8,0,0,11
BRDA:8,0,1,11
BRF:2
BRH:2
end_of_record
TN:
SF:src\hooks\provider\index.tsx
FN:8,(anonymous_1)
FN:11,(anonymous_2)
FN:13,(anonymous_3)
FNF:3
FNH:1
FNDA:0,(anonymous_1)
FNDA:19,(anonymous_2)
FNDA:0,(anonymous_3)
DA:1,11
DA:2,11
DA:3,11
DA:6,11
DA:11,19
DA:13,11
DA:16,0
DA:20,0
DA:27,11
LF:9
LH:7
BRF:0
BRH:0
end_of_record
TN:
SF:src\login\index.tsx
FN:9,(anonymous_8)
FN:15,(anonymous_9)
FN:20,(anonymous_10)
FN:29,(anonymous_11)
FN:29,(anonymous_12)
FN:63,(anonymous_13)
FN:110,(anonymous_14)
FN:123,(anonymous_15)
FNF:8
FNH:5
FNDA:5,(anonymous_8)
FNDA:4,(anonymous_9)
FNDA:0,(anonymous_10)
FNDA:1,(anonymous_11)
FNDA:1,(anonymous_12)
FNDA:5,(anonymous_13)
FNDA:0,(anonymous_14)
FNDA:0,(anonymous_15)
DA:1,1
DA:3,1
DA:4,1
DA:5,1
DA:6,1
DA:7,1
DA:9,1
DA:10,5
DA:11,5
DA:12,5
DA:13,5
DA:15,5
DA:16,4
DA:17,4
DA:20,5
DA:21,0
DA:22,0
DA:23,0
DA:25,0
DA:29,5
DA:30,1
DA:31,1
DA:32,1
DA:36,1
DA:37,0
DA:38,0
DA:39,0
DA:41,0
DA:42,0
DA:43,0
DA:47,5
DA:64,5
DA:110,0
DA:123,0
DA:161,1
LF:35
LH:23
BRDA:22,0,0,0
BRDA:22,0,1,0
BRDA:37,1,0,0
BRDA:37,1,1,0
BRDA:64,2,0,5
BRDA:64,2,1,0
BRDA:125,3,0,5
BRDA:125,3,1,1
BRF:8
BRH:3
end_of_record
TN:
SF:src\services\LoginService.ts
FN:4,(anonymous_8)
FN:4,(anonymous_9)
FN:20,(anonymous_10)
FN:20,(anonymous_11)
FN:36,(anonymous_12)
FN:36,(anonymous_13)
FNF:6
FNH:2
FNDA:1,(anonymous_8)
FNDA:1,(anonymous_9)
FNDA:0,(anonymous_10)
FNDA:0,(anonymous_11)
FNDA:0,(anonymous_12)
FNDA:0,(anonymous_13)
DA:1,1
DA:2,1
DA:4,1
DA:5,1
DA:6,1
DA:7,1
DA:8,1
DA:9,0
DA:10,0
DA:11,0
DA:14,0
DA:16,0
DA:17,0
DA:20,1
DA:21,0
DA:22,0
DA:23,0
DA:24,0
DA:25,0
DA:26,0
DA:27,0
DA:30,0
DA:32,0
DA:33,0
DA:36,1
DA:37,0
DA:38,0
DA:39,0
DA:40,0
DA:41,0
DA:42,0
DA:43,0
DA:46,0
DA:48,0
DA:49,0
LF:35
LH:9
BRDA:9,0,0,0
BRDA:9,0,1,0
BRDA:25,1,0,0
BRDA:25,1,1,0
BRDA:41,2,0,0
BRDA:41,2,1,0
BRF:6
BRH:0
end_of_record
TN:
SF:src\services\OrderService.ts
FN:4,(anonymous_8)
FN:4,(anonymous_9)
FN:20,(anonymous_10)
FN:20,(anonymous_11)
FN:36,(anonymous_12)
FN:36,(anonymous_13)
FN:52,(anonymous_14)
FN:52,(anonymous_15)
FN:68,(anonymous_16)
FN:68,(anonymous_17)
FNF:10
FNH:0
FNDA:0,(anonymous_8)
FNDA:0,(anonymous_9)
FNDA:0,(anonymous_10)
FNDA:0,(anonymous_11)
FNDA:0,(anonymous_12)
FNDA:0,(anonymous_13)
FNDA:0,(anonymous_14)
FNDA:0,(anonymous_15)
FNDA:0,(anonymous_16)
FNDA:0,(anonymous_17)
DA:1,11
DA:2,11
DA:4,11
DA:5,0
DA:6,0
DA:7,0
DA:8,0
DA:9,0
DA:10,0
DA:11,0
DA:14,0
DA:16,0
DA:17,0
DA:20,11
DA:21,0
DA:22,0
DA:23,0
DA:24,0
DA:25,0
DA:26,0
DA:27,0
DA:30,0
DA:32,0
DA:33,0
DA:36,11
DA:37,0
DA:38,0
DA:39,0
DA:40,0
DA:41,0
DA:42,0
DA:43,0
DA:46,0
DA:48,0
DA:49,0
DA:52,11
DA:53,0
DA:54,0
DA:55,0
DA:56,0
DA:57,0
DA:58,0
DA:59,0
DA:62,0
DA:64,0
DA:65,0
DA:68,11
DA:69,0
DA:70,0
DA:71,0
DA:72,0
DA:73,0
DA:74,0
DA:75,0
DA:78,0
DA:80,0
DA:81,0
LF:57
LH:7
BRDA:9,0,0,0
BRDA:9,0,1,0
BRDA:25,1,0,0
BRDA:25,1,1,0
BRDA:41,2,0,0
BRDA:41,2,1,0
BRDA:57,3,0,0
BRDA:57,3,1,0
BRDA:73,4,0,0
BRDA:73,4,1,0
BRF:10
BRH:0
end_of_record
TN:
SF:src\services\ProductService.ts
FN:4,(anonymous_8)
FN:4,(anonymous_9)
FN:20,(anonymous_10)
FN:20,(anonymous_11)
FN:36,(anonymous_12)
FN:36,(anonymous_13)
FN:52,(anonymous_14)
FN:52,(anonymous_15)
FN:68,(anonymous_16)
FN:68,(anonymous_17)
FNF:10
FNH:0
FNDA:0,(anonymous_8)
FNDA:0,(anonymous_9)
FNDA:0,(anonymous_10)
FNDA:0,(anonymous_11)
FNDA:0,(anonymous_12)
FNDA:0,(anonymous_13)
FNDA:0,(anonymous_14)
FNDA:0,(anonymous_15)
FNDA:0,(anonymous_16)
FNDA:0,(anonymous_17)
DA:1,11
DA:2,11
DA:4,11
DA:5,0
DA:6,0
DA:7,0
DA:8,0
DA:9,0
DA:10,0
DA:11,0
DA:14,0
DA:16,0
DA:17,0
DA:20,11
DA:21,0
DA:22,0
DA:23,0
DA:24,0
DA:25,0
DA:26,0
DA:27,0
DA:30,0
DA:32,0
DA:33,0
DA:36,11
DA:37,0
DA:38,0
DA:39,0
DA:40,0
DA:41,0
DA:42,0
DA:43,0
DA:46,0
DA:48,0
DA:49,0
DA:52,11
DA:53,0
DA:54,0
DA:55,0
DA:56,0
DA:57,0
DA:58,0
DA:59,0
DA:62,0
DA:64,0
DA:65,0
DA:68,11
DA:69,0
DA:70,0
DA:71,0
DA:72,0
DA:73,0
DA:74,0
DA:75,0
DA:78,0
DA:80,0
DA:81,0
LF:57
LH:7
BRDA:9,0,0,0
BRDA:9,0,1,0
BRDA:25,1,0,0
BRDA:25,1,1,0
BRDA:41,2,0,0
BRDA:41,2,1,0
BRDA:57,3,0,0
BRDA:57,3,1,0
BRDA:73,4,0,0
BRDA:73,4,1,0
BRF:10
BRH:0
end_of_record
TN:
SF:src\services\ServiceConfig.tsx
FN:13,(anonymous_1)
FN:21,(anonymous_2)
FN:24,(anonymous_3)
FN:24,(anonymous_4)
FNF:4
FNH:0
FNDA:0,(anonymous_1)
FNDA:0,(anonymous_2)
FNDA:0,(anonymous_3)
FNDA:0,(anonymous_4)
DA:1,11
DA:2,11
DA:5,11
DA:13,11
DA:14,0
DA:15,0
DA:16,0
DA:17,0
DA:19,0
DA:21,0
DA:24,11
DA:25,0
DA:26,0
DA:27,0
DA:29,0
DA:32,11
LF:16
LH:6
BRDA:15,0,0,0
BRDA:15,0,1,0
BRDA:16,1,0,0
BRDA:16,1,1,0
BRDA:25,2,0,0
BRDA:25,2,1,0
BRDA:25,3,0,0
BRDA:25,3,1,0
BRF:8
BRH:0
end_of_record
TN:
SF:src\services\index.tsx
FN:7,(anonymous_8)
FN:12,(anonymous_9)
FN:12,(anonymous_10)
FN:19,(anonymous_11)
FN:19,(anonymous_12)
FN:25,(anonymous_13)
FN:25,(anonymous_14)
FN:31,(anonymous_15)
FN:31,(anonymous_16)
FNF:9
FNH:1
FNDA:1,(anonymous_8)
FNDA:0,(anonymous_9)
FNDA:0,(anonymous_10)
FNDA:0,(anonymous_11)
FNDA:0,(anonymous_12)
FNDA:0,(anonymous_13)
FNDA:0,(anonymous_14)
FNDA:0,(anonymous_15)
FNDA:0,(anonymous_16)
DA:2,11
DA:3,11
DA:4,11
DA:7,11
DA:9,1
DA:10,1
DA:12,1
DA:13,0
DA:14,0
DA:15,0
DA:16,0
DA:19,1
DA:20,0
DA:21,0
DA:22,0
DA:23,0
DA:25,1
DA:26,0
DA:27,0
DA:28,0
DA:29,0
DA:31,1
DA:32,0
DA:33,0
DA:34,0
DA:35,0
DA:37,1
LF:27
LH:11
BRF:0
BRH:0
end_of_record
TN:
SF:src\types\assets.d.ts
FNF:0
FNH:0
LF:0
LH:0
BRF:0
BRH:0
end_of_record
